<?xml version="1.0" encoding="UTF-8"?>
<!-- Generated by org.testng.reporters.JUnitXMLReporter -->
<testsuite ignored="0" hostname="Nisaanths-MacBook-Pro.local" failures="0" tests="2" name="Surefire test" time="11.799" errors="0" timestamp="2022-05-04T14:31:03 BST">
  <testcase classname="io.cucumber.testng.AbstractTestNGCucumberTests" name="runScenario" time="8.934"/>
  <testcase classname="io.cucumber.testng.AbstractTestNGCucumberTests" name="runScenario" time="10.84"/>
</testsuite> <!-- Surefire test -->
